当前文件为第0个：/mnt/PRESKY/data/cmadata/NAFP/ECMF/C1D/2023/202310/20231018/C1D10180000101800011.bz2
当前时间为：2023-10-18 17:34:23.486094
对/mnt/PRESKY/data/cmadata/NAFP/ECMF/C1D/2023/202310/20231018/C1D10180000101800011.bz2进行解压。
/mnt/PRESKY/user/metefont/product/prddata/NAFP-AI/TIANWU_STA/product_data/data/2023/202310/C1D_EC_2023101800_2023101800 has been processed.
对 {'/mnt/PRESKY/data/cmadata/NAFP/ECMF/C1D/2023/202310/20231018/C1D10180000101800011.bz2'} 进行插值
fg310
mn2t3
mx2t3
处理完成当前时间为：2023-10-18 17:36:26.162890
单个文件总耗时：122.676796 seconds
当前文件为第1个：/mnt/PRESKY/data/cmadata/NAFP/ECMF/C1D/2023/202310/20231018/C1D10180000101803001.bz2
当前时间为：2023-10-18 17:38:24.079905
对/mnt/PRESKY/data/cmadata/NAFP/ECMF/C1D/2023/202310/20231018/C1D10180000101803001.bz2进行解压。
/mnt/PRESKY/user/metefont/product/prddata/NAFP-AI/TIANWU_STA/product_data/data/2023/202310/C1D_EC_2023101800_2023101803 has been processed.
对 {'/mnt/PRESKY/data/cmadata/NAFP/ECMF/C1D/2023/202310/20231018/C1D10180000101803001.bz2'} 进行插值
处理完成当前时间为：2023-10-18 17:40:35.142083
单个文件总耗时：131.062178 seconds
当前文件为第2个：/mnt/PRESKY/data/cmadata/NAFP/ECMF/C1D/2023/202310/20231018/C1D10180000101806001.bz2
当前时间为：2023-10-18 17:42:42.549237
对/mnt/PRESKY/data/cmadata/NAFP/ECMF/C1D/2023/202310/20231018/C1D10180000101806001.bz2进行解压。
/mnt/PRESKY/user/metefont/product/prddata/NAFP-AI/TIANWU_STA/product_data/data/2023/202310/C1D_EC_2023101800_2023101806 has been processed.
对 {'/mnt/PRESKY/data/cmadata/NAFP/ECMF/C1D/2023/202310/20231018/C1D10180000101806001.bz2'} 进行插值
处理完成当前时间为：2023-10-18 17:44:52.508602
单个文件总耗时：129.959365 seconds
当前文件为第3个：/mnt/PRESKY/data/cmadata/NAFP/ECMF/C1D/2023/202310/20231018/C1D10180000101809001.bz2
当前时间为：2023-10-18 17:47:04.790088
对/mnt/PRESKY/data/cmadata/NAFP/ECMF/C1D/2023/202310/20231018/C1D10180000101809001.bz2进行解压。
/mnt/PRESKY/user/metefont/product/prddata/NAFP-AI/TIANWU_STA/product_data/data/2023/202310/C1D_EC_2023101800_2023101809 has been processed.
对 {'/mnt/PRESKY/data/cmadata/NAFP/ECMF/C1D/2023/202310/20231018/C1D10180000101809001.bz2'} 进行插值
处理完成当前时间为：2023-10-18 17:48:58.733980
单个文件总耗时：113.943892 seconds
当前文件为第4个：/mnt/PRESKY/data/cmadata/NAFP/ECMF/C1D/2023/202310/20231018/C1D10180000101812001.bz2
当前时间为：2023-10-18 17:51:00.229879
对/mnt/PRESKY/data/cmadata/NAFP/ECMF/C1D/2023/202310/20231018/C1D10180000101812001.bz2进行解压。
/mnt/PRESKY/user/metefont/product/prddata/NAFP-AI/TIANWU_STA/product_data/data/2023/202310/C1D_EC_2023101800_2023101812 has been processed.
对 {'/mnt/PRESKY/data/cmadata/NAFP/ECMF/C1D/2023/202310/20231018/C1D10180000101812001.bz2'} 进行插值
处理完成当前时间为：2023-10-18 17:52:56.815655
单个文件总耗时：116.585776 seconds
当前文件为第5个：/mnt/PRESKY/data/cmadata/NAFP/ECMF/C1D/2023/202310/20231018/C1D10180000101815001.bz2
当前时间为：2023-10-18 17:55:17.246106
对/mnt/PRESKY/data/cmadata/NAFP/ECMF/C1D/2023/202310/20231018/C1D10180000101815001.bz2进行解压。
/mnt/PRESKY/user/metefont/product/prddata/NAFP-AI/TIANWU_STA/product_data/data/2023/202310/C1D_EC_2023101800_2023101815 has been processed.
对 {'/mnt/PRESKY/data/cmadata/NAFP/ECMF/C1D/2023/202310/20231018/C1D10180000101815001.bz2'} 进行插值
处理完成当前时间为：2023-10-18 17:57:47.707440
单个文件总耗时：150.461334 seconds
当前文件为第6个：/mnt/PRESKY/data/cmadata/NAFP/ECMF/C1D/2023/202310/20231018/C1D10180000101818001.bz2
当前时间为：2023-10-18 18:00:02.805647
对/mnt/PRESKY/data/cmadata/NAFP/ECMF/C1D/2023/202310/20231018/C1D10180000101818001.bz2进行解压。
/mnt/PRESKY/user/metefont/product/prddata/NAFP-AI/TIANWU_STA/product_data/data/2023/202310/C1D_EC_2023101800_2023101818 has been processed.
对 {'/mnt/PRESKY/data/cmadata/NAFP/ECMF/C1D/2023/202310/20231018/C1D10180000101818001.bz2'} 进行插值
处理完成当前时间为：2023-10-18 18:02:37.031640
单个文件总耗时：154.225993 seconds
当前文件为第7个：/mnt/PRESKY/data/cmadata/NAFP/ECMF/C1D/2023/202310/20231018/C1D10180000101821001.bz2
当前时间为：2023-10-18 18:04:36.471046
对/mnt/PRESKY/data/cmadata/NAFP/ECMF/C1D/2023/202310/20231018/C1D10180000101821001.bz2进行解压。
/mnt/PRESKY/user/metefont/product/prddata/NAFP-AI/TIANWU_STA/product_data/data/2023/202310/C1D_EC_2023101800_2023101821 has been processed.
对 {'/mnt/PRESKY/data/cmadata/NAFP/ECMF/C1D/2023/202310/20231018/C1D10180000101821001.bz2'} 进行插值
处理完成当前时间为：2023-10-18 18:06:39.547878
单个文件总耗时：123.076832 seconds
当前文件为第8个：/mnt/PRESKY/data/cmadata/NAFP/ECMF/C1D/2023/202310/20231018/C1D10180000101900001.bz2
当前时间为：2023-10-18 18:08:37.577969
对/mnt/PRESKY/data/cmadata/NAFP/ECMF/C1D/2023/202310/20231018/C1D10180000101900001.bz2进行解压。
/mnt/PRESKY/user/metefont/product/prddata/NAFP-AI/TIANWU_STA/product_data/data/2023/202310/C1D_EC_2023101800_2023101900 has been processed.
对 {'/mnt/PRESKY/data/cmadata/NAFP/ECMF/C1D/2023/202310/20231018/C1D10180000101900001.bz2'} 进行插值
处理完成当前时间为：2023-10-18 18:10:55.733258
单个文件总耗时：138.155289 seconds
当前文件为第9个：/mnt/PRESKY/data/cmadata/NAFP/ECMF/C1D/2023/202310/20231018/C1D10180000101903001.bz2
当前时间为：2023-10-18 18:13:37.092120
对/mnt/PRESKY/data/cmadata/NAFP/ECMF/C1D/2023/202310/20231018/C1D10180000101903001.bz2进行解压。
/mnt/PRESKY/user/metefont/product/prddata/NAFP-AI/TIANWU_STA/product_data/data/2023/202310/C1D_EC_2023101800_2023101903 has been processed.
对 {'/mnt/PRESKY/data/cmadata/NAFP/ECMF/C1D/2023/202310/20231018/C1D10180000101903001.bz2'} 进行插值
处理完成当前时间为：2023-10-18 18:16:03.591255
单个文件总耗时：146.499135 seconds
当前文件为第10个：/mnt/PRESKY/data/cmadata/NAFP/ECMF/C1D/2023/202310/20231018/C1D10180000101906001.bz2
当前时间为：2023-10-18 18:18:01.027223
对/mnt/PRESKY/data/cmadata/NAFP/ECMF/C1D/2023/202310/20231018/C1D10180000101906001.bz2进行解压。
/mnt/PRESKY/user/metefont/product/prddata/NAFP-AI/TIANWU_STA/product_data/data/2023/202310/C1D_EC_2023101800_2023101906 has been processed.
对 {'/mnt/PRESKY/data/cmadata/NAFP/ECMF/C1D/2023/202310/20231018/C1D10180000101906001.bz2'} 进行插值
处理完成当前时间为：2023-10-18 18:19:58.261897
单个文件总耗时：117.234674 seconds
当前文件为第11个：/mnt/PRESKY/data/cmadata/NAFP/ECMF/C1D/2023/202310/20231018/C1D10180000101909001.bz2
当前时间为：2023-10-18 18:22:08.929764
对/mnt/PRESKY/data/cmadata/NAFP/ECMF/C1D/2023/202310/20231018/C1D10180000101909001.bz2进行解压。
/mnt/PRESKY/user/metefont/product/prddata/NAFP-AI/TIANWU_STA/product_data/data/2023/202310/C1D_EC_2023101800_2023101909 has been processed.
对 {'/mnt/PRESKY/data/cmadata/NAFP/ECMF/C1D/2023/202310/20231018/C1D10180000101909001.bz2'} 进行插值
处理完成当前时间为：2023-10-18 18:24:27.519450
单个文件总耗时：138.589686 seconds
当前文件为第12个：/mnt/PRESKY/data/cmadata/NAFP/ECMF/C1D/2023/202310/20231018/C1D10180000101912001.bz2
当前时间为：2023-10-18 18:26:34.514195
对/mnt/PRESKY/data/cmadata/NAFP/ECMF/C1D/2023/202310/20231018/C1D10180000101912001.bz2进行解压。
/mnt/PRESKY/user/metefont/product/prddata/NAFP-AI/TIANWU_STA/product_data/data/2023/202310/C1D_EC_2023101800_2023101912 has been processed.
对 {'/mnt/PRESKY/data/cmadata/NAFP/ECMF/C1D/2023/202310/20231018/C1D10180000101912001.bz2'} 进行插值
处理完成当前时间为：2023-10-18 18:29:03.807173
单个文件总耗时：149.292978 seconds
当前文件为第13个：/mnt/PRESKY/data/cmadata/NAFP/ECMF/C1D/2023/202310/20231018/C1D10180000101915001.bz2
当前时间为：2023-10-18 18:30:55.202094
对/mnt/PRESKY/data/cmadata/NAFP/ECMF/C1D/2023/202310/20231018/C1D10180000101915001.bz2进行解压。
/mnt/PRESKY/user/metefont/product/prddata/NAFP-AI/TIANWU_STA/product_data/data/2023/202310/C1D_EC_2023101800_2023101915 has been processed.
对 {'/mnt/PRESKY/data/cmadata/NAFP/ECMF/C1D/2023/202310/20231018/C1D10180000101915001.bz2'} 进行插值
处理完成当前时间为：2023-10-18 18:33:03.923778
单个文件总耗时：128.721684 seconds
当前文件为第14个：/mnt/PRESKY/data/cmadata/NAFP/ECMF/C1D/2023/202310/20231018/C1D10180000101918001.bz2
当前时间为：2023-10-18 18:34:57.731691
对/mnt/PRESKY/data/cmadata/NAFP/ECMF/C1D/2023/202310/20231018/C1D10180000101918001.bz2进行解压。
/mnt/PRESKY/user/metefont/product/prddata/NAFP-AI/TIANWU_STA/product_data/data/2023/202310/C1D_EC_2023101800_2023101918 has been processed.
对 {'/mnt/PRESKY/data/cmadata/NAFP/ECMF/C1D/2023/202310/20231018/C1D10180000101918001.bz2'} 进行插值
处理完成当前时间为：2023-10-18 18:37:14.879936
单个文件总耗时：137.148245 seconds
当前文件为第15个：/mnt/PRESKY/data/cmadata/NAFP/ECMF/C1D/2023/202310/20231018/C1D10180000101921001.bz2
当前时间为：2023-10-18 18:39:03.127052
对/mnt/PRESKY/data/cmadata/NAFP/ECMF/C1D/2023/202310/20231018/C1D10180000101921001.bz2进行解压。
/mnt/PRESKY/user/metefont/product/prddata/NAFP-AI/TIANWU_STA/product_data/data/2023/202310/C1D_EC_2023101800_2023101921 has been processed.
对 {'/mnt/PRESKY/data/cmadata/NAFP/ECMF/C1D/2023/202310/20231018/C1D10180000101921001.bz2'} 进行插值
处理完成当前时间为：2023-10-18 18:41:06.264635
单个文件总耗时：123.137583 seconds
当前文件为第16个：/mnt/PRESKY/data/cmadata/NAFP/ECMF/C1D/2023/202310/20231018/C1D10180000102000001.bz2
当前时间为：2023-10-18 18:42:53.495800
对/mnt/PRESKY/data/cmadata/NAFP/ECMF/C1D/2023/202310/20231018/C1D10180000102000001.bz2进行解压。
/mnt/PRESKY/user/metefont/product/prddata/NAFP-AI/TIANWU_STA/product_data/data/2023/202310/C1D_EC_2023101800_2023102000 has been processed.
对 {'/mnt/PRESKY/data/cmadata/NAFP/ECMF/C1D/2023/202310/20231018/C1D10180000102000001.bz2'} 进行插值
处理完成当前时间为：2023-10-18 18:45:02.403606
单个文件总耗时：128.907806 seconds
当前文件为第17个：/mnt/PRESKY/data/cmadata/NAFP/ECMF/C1D/2023/202310/20231018/C1D10180000102003001.bz2
当前时间为：2023-10-18 18:46:48.064622
对/mnt/PRESKY/data/cmadata/NAFP/ECMF/C1D/2023/202310/20231018/C1D10180000102003001.bz2进行解压。
/mnt/PRESKY/user/metefont/product/prddata/NAFP-AI/TIANWU_STA/product_data/data/2023/202310/C1D_EC_2023101800_2023102003 has been processed.
对 {'/mnt/PRESKY/data/cmadata/NAFP/ECMF/C1D/2023/202310/20231018/C1D10180000102003001.bz2'} 进行插值
处理完成当前时间为：2023-10-18 18:48:45.480708
单个文件总耗时：117.416086 seconds
当前文件为第18个：/mnt/PRESKY/data/cmadata/NAFP/ECMF/C1D/2023/202310/20231018/C1D10180000102006001.bz2
当前时间为：2023-10-18 18:50:27.997342
对/mnt/PRESKY/data/cmadata/NAFP/ECMF/C1D/2023/202310/20231018/C1D10180000102006001.bz2进行解压。
/mnt/PRESKY/user/metefont/product/prddata/NAFP-AI/TIANWU_STA/product_data/data/2023/202310/C1D_EC_2023101800_2023102006 has been processed.
对 {'/mnt/PRESKY/data/cmadata/NAFP/ECMF/C1D/2023/202310/20231018/C1D10180000102006001.bz2'} 进行插值
处理完成当前时间为：2023-10-18 18:52:45.740904
单个文件总耗时：137.743562 seconds
当前文件为第19个：/mnt/PRESKY/data/cmadata/NAFP/ECMF/C1D/2023/202310/20231018/C1D10180000102009001.bz2
当前时间为：2023-10-18 18:54:36.146449
对/mnt/PRESKY/data/cmadata/NAFP/ECMF/C1D/2023/202310/20231018/C1D10180000102009001.bz2进行解压。
/mnt/PRESKY/user/metefont/product/prddata/NAFP-AI/TIANWU_STA/product_data/data/2023/202310/C1D_EC_2023101800_2023102009 has been processed.
对 {'/mnt/PRESKY/data/cmadata/NAFP/ECMF/C1D/2023/202310/20231018/C1D10180000102009001.bz2'} 进行插值
处理完成当前时间为：2023-10-18 18:57:02.518359
单个文件总耗时：146.37191 seconds
当前文件为第20个：/mnt/PRESKY/data/cmadata/NAFP/ECMF/C1D/2023/202310/20231018/C1D10180000102012001.bz2
当前时间为：2023-10-18 18:58:55.119368
对/mnt/PRESKY/data/cmadata/NAFP/ECMF/C1D/2023/202310/20231018/C1D10180000102012001.bz2进行解压。
/mnt/PRESKY/user/metefont/product/prddata/NAFP-AI/TIANWU_STA/product_data/data/2023/202310/C1D_EC_2023101800_2023102012 has been processed.
对 {'/mnt/PRESKY/data/cmadata/NAFP/ECMF/C1D/2023/202310/20231018/C1D10180000102012001.bz2'} 进行插值
处理完成当前时间为：2023-10-18 19:01:24.382972
单个文件总耗时：149.263604 seconds
当前文件为第21个：/mnt/PRESKY/data/cmadata/NAFP/ECMF/C1D/2023/202310/20231018/C1D10180000102015001.bz2
当前时间为：2023-10-18 19:03:32.541239
对/mnt/PRESKY/data/cmadata/NAFP/ECMF/C1D/2023/202310/20231018/C1D10180000102015001.bz2进行解压。
/mnt/PRESKY/user/metefont/product/prddata/NAFP-AI/TIANWU_STA/product_data/data/2023/202310/C1D_EC_2023101800_2023102015 has been processed.
对 {'/mnt/PRESKY/data/cmadata/NAFP/ECMF/C1D/2023/202310/20231018/C1D10180000102015001.bz2'} 进行插值
处理完成当前时间为：2023-10-18 19:05:30.970468
单个文件总耗时：118.429229 seconds
当前文件为第22个：/mnt/PRESKY/data/cmadata/NAFP/ECMF/C1D/2023/202310/20231018/C1D10180000102018001.bz2
当前时间为：2023-10-18 19:07:36.545134
对/mnt/PRESKY/data/cmadata/NAFP/ECMF/C1D/2023/202310/20231018/C1D10180000102018001.bz2进行解压。
/mnt/PRESKY/user/metefont/product/prddata/NAFP-AI/TIANWU_STA/product_data/data/2023/202310/C1D_EC_2023101800_2023102018 has been processed.
对 {'/mnt/PRESKY/data/cmadata/NAFP/ECMF/C1D/2023/202310/20231018/C1D10180000102018001.bz2'} 进行插值
处理完成当前时间为：2023-10-18 19:10:10.800106
单个文件总耗时：154.254972 seconds
当前文件为第23个：/mnt/PRESKY/data/cmadata/NAFP/ECMF/C1D/2023/202310/20231018/C1D10180000102021001.bz2
当前时间为：2023-10-18 19:11:59.768566
对/mnt/PRESKY/data/cmadata/NAFP/ECMF/C1D/2023/202310/20231018/C1D10180000102021001.bz2进行解压。
/mnt/PRESKY/user/metefont/product/prddata/NAFP-AI/TIANWU_STA/product_data/data/2023/202310/C1D_EC_2023101800_2023102021 has been processed.
对 {'/mnt/PRESKY/data/cmadata/NAFP/ECMF/C1D/2023/202310/20231018/C1D10180000102021001.bz2'} 进行插值
处理完成当前时间为：2023-10-18 19:13:55.339405
单个文件总耗时：115.570839 seconds
当前文件为第24个：/mnt/PRESKY/data/cmadata/NAFP/ECMF/C1D/2023/202310/20231018/C1D10180000102100001.bz2
当前时间为：2023-10-18 19:15:41.260268
对/mnt/PRESKY/data/cmadata/NAFP/ECMF/C1D/2023/202310/20231018/C1D10180000102100001.bz2进行解压。
/mnt/PRESKY/user/metefont/product/prddata/NAFP-AI/TIANWU_STA/product_data/data/2023/202310/C1D_EC_2023101800_2023102100 has been processed.
对 {'/mnt/PRESKY/data/cmadata/NAFP/ECMF/C1D/2023/202310/20231018/C1D10180000102100001.bz2'} 进行插值
处理完成当前时间为：2023-10-18 19:17:44.062247
单个文件总耗时：122.801979 seconds
当前文件为第25个：/mnt/PRESKY/data/cmadata/NAFP/ECMF/C1D/2023/202310/20231018/C1D10180000102103001.bz2
当前时间为：2023-10-18 19:19:30.232143
对/mnt/PRESKY/data/cmadata/NAFP/ECMF/C1D/2023/202310/20231018/C1D10180000102103001.bz2进行解压。
/mnt/PRESKY/user/metefont/product/prddata/NAFP-AI/TIANWU_STA/product_data/data/2023/202310/C1D_EC_2023101800_2023102103 has been processed.
<class 'FileNotFoundError'>
当前文件为第26个：/mnt/PRESKY/data/cmadata/NAFP/ECMF/C1D/2023/202310/20231018/C1D10180000102106001.bz2
当前时间为：2023-10-18 19:21:19.060610
对/mnt/PRESKY/data/cmadata/NAFP/ECMF/C1D/2023/202310/20231018/C1D10180000102106001.bz2进行解压。
/mnt/PRESKY/user/metefont/product/prddata/NAFP-AI/TIANWU_STA/product_data/data/2023/202310/C1D_EC_2023101800_2023102106 has been processed.
对 {'/mnt/PRESKY/data/cmadata/NAFP/ECMF/C1D/2023/202310/20231018/C1D10180000102106001.bz2'} 进行插值
处理完成当前时间为：2023-10-18 19:23:41.021192
单个文件总耗时：141.960582 seconds
当前文件为第27个：/mnt/PRESKY/data/cmadata/NAFP/ECMF/C1D/2023/202310/20231018/C1D10180000102109001.bz2
当前时间为：2023-10-18 19:25:36.897674
对/mnt/PRESKY/data/cmadata/NAFP/ECMF/C1D/2023/202310/20231018/C1D10180000102109001.bz2进行解压。
/mnt/PRESKY/user/metefont/product/prddata/NAFP-AI/TIANWU_STA/product_data/data/2023/202310/C1D_EC_2023101800_2023102109 has been processed.
<class 'FileNotFoundError'>
当前文件为第28个：/mnt/PRESKY/data/cmadata/NAFP/ECMF/C1D/2023/202310/20231018/C1D10180000102112001.bz2
当前时间为：2023-10-18 19:27:29.716929
对/mnt/PRESKY/data/cmadata/NAFP/ECMF/C1D/2023/202310/20231018/C1D10180000102112001.bz2进行解压。
/mnt/PRESKY/user/metefont/product/prddata/NAFP-AI/TIANWU_STA/product_data/data/2023/202310/C1D_EC_2023101800_2023102112 has been processed.
对 {'/mnt/PRESKY/data/cmadata/NAFP/ECMF/C1D/2023/202310/20231018/C1D10180000102112001.bz2'} 进行插值
处理完成当前时间为：2023-10-18 19:29:51.327011
单个文件总耗时：141.610082 seconds
当前文件为第29个：/mnt/PRESKY/data/cmadata/NAFP/ECMF/C1D/2023/202310/20231018/C1D10180000102115001.bz2
当前时间为：2023-10-18 19:31:39.816857
对/mnt/PRESKY/data/cmadata/NAFP/ECMF/C1D/2023/202310/20231018/C1D10180000102115001.bz2进行解压。
/mnt/PRESKY/user/metefont/product/prddata/NAFP-AI/TIANWU_STA/product_data/data/2023/202310/C1D_EC_2023101800_2023102115 has been processed.
<class 'FileNotFoundError'>
当前文件为第30个：/mnt/PRESKY/data/cmadata/NAFP/ECMF/C1D/2023/202310/20231018/C1D10180000102118001.bz2
当前时间为：2023-10-18 19:33:40.219028
对/mnt/PRESKY/data/cmadata/NAFP/ECMF/C1D/2023/202310/20231018/C1D10180000102118001.bz2进行解压。
/mnt/PRESKY/user/metefont/product/prddata/NAFP-AI/TIANWU_STA/product_data/data/2023/202310/C1D_EC_2023101800_2023102118 has been processed.
对 {'/mnt/PRESKY/data/cmadata/NAFP/ECMF/C1D/2023/202310/20231018/C1D10180000102118001.bz2'} 进行插值
处理完成当前时间为：2023-10-18 19:36:09.310214
单个文件总耗时：149.091186 seconds
当前文件为第31个：/mnt/PRESKY/data/cmadata/NAFP/ECMF/C1D/2023/202310/20231018/C1D10180000102121001.bz2
当前时间为：2023-10-18 19:37:56.163362
对/mnt/PRESKY/data/cmadata/NAFP/ECMF/C1D/2023/202310/20231018/C1D10180000102121001.bz2进行解压。
/mnt/PRESKY/user/metefont/product/prddata/NAFP-AI/TIANWU_STA/product_data/data/2023/202310/C1D_EC_2023101800_2023102121 has been processed.
<class 'FileNotFoundError'>
当前文件为第32个：/mnt/PRESKY/data/cmadata/NAFP/ECMF/C1D/2023/202310/20231018/C1D10180000102200001.bz2
当前时间为：2023-10-18 19:39:55.499489
对/mnt/PRESKY/data/cmadata/NAFP/ECMF/C1D/2023/202310/20231018/C1D10180000102200001.bz2进行解压。
/mnt/PRESKY/user/metefont/product/prddata/NAFP-AI/TIANWU_STA/product_data/data/2023/202310/C1D_EC_2023101800_2023102200 has been processed.
对 {'/mnt/PRESKY/data/cmadata/NAFP/ECMF/C1D/2023/202310/20231018/C1D10180000102200001.bz2'} 进行插值
处理完成当前时间为：2023-10-18 19:42:05.403061
单个文件总耗时：129.903572 seconds
当前文件为第33个：/mnt/PRESKY/data/cmadata/NAFP/ECMF/C1D/2023/202310/20231018/C1D10180000102203001.bz2
当前时间为：2023-10-18 19:44:00.897810
对/mnt/PRESKY/data/cmadata/NAFP/ECMF/C1D/2023/202310/20231018/C1D10180000102203001.bz2进行解压。
/mnt/PRESKY/user/metefont/product/prddata/NAFP-AI/TIANWU_STA/product_data/data/2023/202310/C1D_EC_2023101800_2023102203 has been processed.
<class 'FileNotFoundError'>
当前文件为第34个：/mnt/PRESKY/data/cmadata/NAFP/ECMF/C1D/2023/202310/20231018/C1D10180000102206001.bz2
当前时间为：2023-10-18 19:45:55.053210
对/mnt/PRESKY/data/cmadata/NAFP/ECMF/C1D/2023/202310/20231018/C1D10180000102206001.bz2进行解压。
/mnt/PRESKY/user/metefont/product/prddata/NAFP-AI/TIANWU_STA/product_data/data/2023/202310/C1D_EC_2023101800_2023102206 has been processed.
对 {'/mnt/PRESKY/data/cmadata/NAFP/ECMF/C1D/2023/202310/20231018/C1D10180000102206001.bz2'} 进行插值
处理完成当前时间为：2023-10-18 19:48:11.674629
单个文件总耗时：136.621419 seconds
当前文件为第35个：/mnt/PRESKY/data/cmadata/NAFP/ECMF/C1D/2023/202310/20231018/C1D10180000102209001.bz2
当前时间为：2023-10-18 19:50:01.300185
对/mnt/PRESKY/data/cmadata/NAFP/ECMF/C1D/2023/202310/20231018/C1D10180000102209001.bz2进行解压。
/mnt/PRESKY/user/metefont/product/prddata/NAFP-AI/TIANWU_STA/product_data/data/2023/202310/C1D_EC_2023101800_2023102209 has been processed.
<class 'FileNotFoundError'>
当前文件为第36个：/mnt/PRESKY/data/cmadata/NAFP/ECMF/C1D/2023/202310/20231018/C1D10180000102212001.bz2
当前时间为：2023-10-18 19:52:44.148340
对/mnt/PRESKY/data/cmadata/NAFP/ECMF/C1D/2023/202310/20231018/C1D10180000102212001.bz2进行解压。
/mnt/PRESKY/user/metefont/product/prddata/NAFP-AI/TIANWU_STA/product_data/data/2023/202310/C1D_EC_2023101800_2023102212 has been processed.
对 {'/mnt/PRESKY/data/cmadata/NAFP/ECMF/C1D/2023/202310/20231018/C1D10180000102212001.bz2'} 进行插值
处理完成当前时间为：2023-10-18 19:54:50.892246
单个文件总耗时：126.743906 seconds
当前文件为第37个：/mnt/PRESKY/data/cmadata/NAFP/ECMF/C1D/2023/202310/20231018/C1D10180000102215001.bz2
当前时间为：2023-10-18 19:57:26.554921
对/mnt/PRESKY/data/cmadata/NAFP/ECMF/C1D/2023/202310/20231018/C1D10180000102215001.bz2进行解压。
/mnt/PRESKY/user/metefont/product/prddata/NAFP-AI/TIANWU_STA/product_data/data/2023/202310/C1D_EC_2023101800_2023102215 has been processed.
<class 'FileNotFoundError'>
当前文件为第38个：/mnt/PRESKY/data/cmadata/NAFP/ECMF/C1D/2023/202310/20231018/C1D10180000102218001.bz2
当前时间为：2023-10-18 19:59:54.436375
对/mnt/PRESKY/data/cmadata/NAFP/ECMF/C1D/2023/202310/20231018/C1D10180000102218001.bz2进行解压。
/mnt/PRESKY/user/metefont/product/prddata/NAFP-AI/TIANWU_STA/product_data/data/2023/202310/C1D_EC_2023101800_2023102218 has been processed.
对 {'/mnt/PRESKY/data/cmadata/NAFP/ECMF/C1D/2023/202310/20231018/C1D10180000102218001.bz2'} 进行插值
处理完成当前时间为：2023-10-18 20:02:25.892038
单个文件总耗时：151.455663 seconds
当前文件为第39个：/mnt/PRESKY/data/cmadata/NAFP/ECMF/C1D/2023/202310/20231018/C1D10180000102221001.bz2
当前时间为：2023-10-18 20:04:27.297928
对/mnt/PRESKY/data/cmadata/NAFP/ECMF/C1D/2023/202310/20231018/C1D10180000102221001.bz2进行解压。
/mnt/PRESKY/user/metefont/product/prddata/NAFP-AI/TIANWU_STA/product_data/data/2023/202310/C1D_EC_2023101800_2023102221 has been processed.
<class 'FileNotFoundError'>
当前文件为第40个：/mnt/PRESKY/data/cmadata/NAFP/ECMF/C1D/2023/202310/20231018/C1D10180000102300001.bz2
当前时间为：2023-10-18 20:06:27.975985
对/mnt/PRESKY/data/cmadata/NAFP/ECMF/C1D/2023/202310/20231018/C1D10180000102300001.bz2进行解压。
/mnt/PRESKY/user/metefont/product/prddata/NAFP-AI/TIANWU_STA/product_data/data/2023/202310/C1D_EC_2023101800_2023102300 has been processed.
对 {'/mnt/PRESKY/data/cmadata/NAFP/ECMF/C1D/2023/202310/20231018/C1D10180000102300001.bz2'} 进行插值
处理完成当前时间为：2023-10-18 20:08:21.221583
单个文件总耗时：113.245598 seconds
当前文件为第41个：/mnt/PRESKY/data/cmadata/NAFP/ECMF/C1D/2023/202310/20231018/C1D10180000102303001.bz2
当前时间为：2023-10-18 20:10:38.229676
对/mnt/PRESKY/data/cmadata/NAFP/ECMF/C1D/2023/202310/20231018/C1D10180000102303001.bz2进行解压。
/mnt/PRESKY/user/metefont/product/prddata/NAFP-AI/TIANWU_STA/product_data/data/2023/202310/C1D_EC_2023101800_2023102303 has been processed.
<class 'FileNotFoundError'>
当前文件为第42个：/mnt/PRESKY/data/cmadata/NAFP/ECMF/C1D/2023/202310/20231018/C1D10180000102306001.bz2
当前时间为：2023-10-18 20:13:04.427803
对/mnt/PRESKY/data/cmadata/NAFP/ECMF/C1D/2023/202310/20231018/C1D10180000102306001.bz2进行解压。
/mnt/PRESKY/user/metefont/product/prddata/NAFP-AI/TIANWU_STA/product_data/data/2023/202310/C1D_EC_2023101800_2023102306 has been processed.
对 {'/mnt/PRESKY/data/cmadata/NAFP/ECMF/C1D/2023/202310/20231018/C1D10180000102306001.bz2'} 进行插值
处理完成当前时间为：2023-10-18 20:15:40.620456
单个文件总耗时：156.192653 seconds
当前文件为第43个：/mnt/PRESKY/data/cmadata/NAFP/ECMF/C1D/2023/202310/20231018/C1D10180000102309001.bz2
当前时间为：2023-10-18 20:18:30.346874
对/mnt/PRESKY/data/cmadata/NAFP/ECMF/C1D/2023/202310/20231018/C1D10180000102309001.bz2进行解压。
/mnt/PRESKY/user/metefont/product/prddata/NAFP-AI/TIANWU_STA/product_data/data/2023/202310/C1D_EC_2023101800_2023102309 has been processed.
<class 'FileNotFoundError'>
当前文件为第44个：/mnt/PRESKY/data/cmadata/NAFP/ECMF/C1D/2023/202310/20231018/C1D10180000102312001.bz2
当前时间为：2023-10-18 20:20:27.840517
对/mnt/PRESKY/data/cmadata/NAFP/ECMF/C1D/2023/202310/20231018/C1D10180000102312001.bz2进行解压。
/mnt/PRESKY/user/metefont/product/prddata/NAFP-AI/TIANWU_STA/product_data/data/2023/202310/C1D_EC_2023101800_2023102312 has been processed.
对 {'/mnt/PRESKY/data/cmadata/NAFP/ECMF/C1D/2023/202310/20231018/C1D10180000102312001.bz2'} 进行插值
处理完成当前时间为：2023-10-18 20:22:19.783722
单个文件总耗时：111.943205 seconds
当前文件为第45个：/mnt/PRESKY/data/cmadata/NAFP/ECMF/C1D/2023/202310/20231018/C1D10180000102315001.bz2
当前时间为：2023-10-18 20:24:13.441072
对/mnt/PRESKY/data/cmadata/NAFP/ECMF/C1D/2023/202310/20231018/C1D10180000102315001.bz2进行解压。
/mnt/PRESKY/user/metefont/product/prddata/NAFP-AI/TIANWU_STA/product_data/data/2023/202310/C1D_EC_2023101800_2023102315 has been processed.
<class 'FileNotFoundError'>
当前文件为第46个：/mnt/PRESKY/data/cmadata/NAFP/ECMF/C1D/2023/202310/20231018/C1D10180000102318001.bz2
当前时间为：2023-10-18 20:26:15.920112
对/mnt/PRESKY/data/cmadata/NAFP/ECMF/C1D/2023/202310/20231018/C1D10180000102318001.bz2进行解压。
/mnt/PRESKY/user/metefont/product/prddata/NAFP-AI/TIANWU_STA/product_data/data/2023/202310/C1D_EC_2023101800_2023102318 has been processed.
对 {'/mnt/PRESKY/data/cmadata/NAFP/ECMF/C1D/2023/202310/20231018/C1D10180000102318001.bz2'} 进行插值
处理完成当前时间为：2023-10-18 20:28:46.634561
单个文件总耗时：150.714449 seconds
当前文件为第47个：/mnt/PRESKY/data/cmadata/NAFP/ECMF/C1D/2023/202310/20231018/C1D10180000102321001.bz2
当前时间为：2023-10-18 20:30:48.867769
对/mnt/PRESKY/data/cmadata/NAFP/ECMF/C1D/2023/202310/20231018/C1D10180000102321001.bz2进行解压。
/mnt/PRESKY/user/metefont/product/prddata/NAFP-AI/TIANWU_STA/product_data/data/2023/202310/C1D_EC_2023101800_2023102321 has been processed.
<class 'FileNotFoundError'>
当前文件为第48个：/mnt/PRESKY/data/cmadata/NAFP/ECMF/C1D/2023/202310/20231018/C1D10180000102400001.bz2
当前时间为：2023-10-18 20:32:40.584142
对/mnt/PRESKY/data/cmadata/NAFP/ECMF/C1D/2023/202310/20231018/C1D10180000102400001.bz2进行解压。
/mnt/PRESKY/user/metefont/product/prddata/NAFP-AI/TIANWU_STA/product_data/data/2023/202310/C1D_EC_2023101800_2023102400 has been processed.
对 {'/mnt/PRESKY/data/cmadata/NAFP/ECMF/C1D/2023/202310/20231018/C1D10180000102400001.bz2'} 进行插值
处理完成当前时间为：2023-10-18 20:34:36.268729
单个文件总耗时：115.684587 seconds
2023-10-18 17:32:32.338026
/mnt/PRESKY/data/cmadata/NAFP/ECMF/C1D/2023/202310/20231018/C1D101800*.bz2
