当前文件为第0个：/mnt/PRESKY/data/cmadata/NAFP/ECMF/C1D/2023/202310/20231018/C1D10181200101812011.bz2
当前时间为：2023-10-19 04:04:03.162443
对/mnt/PRESKY/data/cmadata/NAFP/ECMF/C1D/2023/202310/20231018/C1D10181200101812011.bz2进行解压。
/mnt/PRESKY/user/metefont/product/prddata/NAFP-AI/TIANWU_STA/product_data/data/2023/202310/C1D_EC_2023101812_2023101812 has been processed.
对 {'/mnt/PRESKY/data/cmadata/NAFP/ECMF/C1D/2023/202310/20231018/C1D10181200101812011.bz2'} 进行插值
fg310
mn2t3
mx2t3
处理完成当前时间为：2023-10-19 04:06:15.238421
单个文件总耗时：132.075978 seconds
当前文件为第1个：/mnt/PRESKY/data/cmadata/NAFP/ECMF/C1D/2023/202310/20231018/C1D10181200101815001.bz2
当前时间为：2023-10-19 04:07:59.231664
对/mnt/PRESKY/data/cmadata/NAFP/ECMF/C1D/2023/202310/20231018/C1D10181200101815001.bz2进行解压。
/mnt/PRESKY/user/metefont/product/prddata/NAFP-AI/TIANWU_STA/product_data/data/2023/202310/C1D_EC_2023101812_2023101815 has been processed.
对 {'/mnt/PRESKY/data/cmadata/NAFP/ECMF/C1D/2023/202310/20231018/C1D10181200101815001.bz2'} 进行插值
处理完成当前时间为：2023-10-19 04:09:32.679901
单个文件总耗时：93.448237 seconds
当前文件为第2个：/mnt/PRESKY/data/cmadata/NAFP/ECMF/C1D/2023/202310/20231018/C1D10181200101818001.bz2
当前时间为：2023-10-19 04:11:35.958724
对/mnt/PRESKY/data/cmadata/NAFP/ECMF/C1D/2023/202310/20231018/C1D10181200101818001.bz2进行解压。
/mnt/PRESKY/user/metefont/product/prddata/NAFP-AI/TIANWU_STA/product_data/data/2023/202310/C1D_EC_2023101812_2023101818 has been processed.
对 {'/mnt/PRESKY/data/cmadata/NAFP/ECMF/C1D/2023/202310/20231018/C1D10181200101818001.bz2'} 进行插值
处理完成当前时间为：2023-10-19 04:13:56.416690
单个文件总耗时：140.457966 seconds
当前文件为第3个：/mnt/PRESKY/data/cmadata/NAFP/ECMF/C1D/2023/202310/20231018/C1D10181200101821001.bz2
当前时间为：2023-10-19 04:15:32.203922
对/mnt/PRESKY/data/cmadata/NAFP/ECMF/C1D/2023/202310/20231018/C1D10181200101821001.bz2进行解压。
/mnt/PRESKY/user/metefont/product/prddata/NAFP-AI/TIANWU_STA/product_data/data/2023/202310/C1D_EC_2023101812_2023101821 has been processed.
对 {'/mnt/PRESKY/data/cmadata/NAFP/ECMF/C1D/2023/202310/20231018/C1D10181200101821001.bz2'} 进行插值
处理完成当前时间为：2023-10-19 04:17:06.569743
单个文件总耗时：94.365821 seconds
当前文件为第4个：/mnt/PRESKY/data/cmadata/NAFP/ECMF/C1D/2023/202310/20231018/C1D10181200101900001.bz2
当前时间为：2023-10-19 04:18:52.308091
对/mnt/PRESKY/data/cmadata/NAFP/ECMF/C1D/2023/202310/20231018/C1D10181200101900001.bz2进行解压。
/mnt/PRESKY/user/metefont/product/prddata/NAFP-AI/TIANWU_STA/product_data/data/2023/202310/C1D_EC_2023101812_2023101900 has been processed.
对 {'/mnt/PRESKY/data/cmadata/NAFP/ECMF/C1D/2023/202310/20231018/C1D10181200101900001.bz2'} 进行插值
处理完成当前时间为：2023-10-19 04:20:53.153758
单个文件总耗时：120.845667 seconds
当前文件为第5个：/mnt/PRESKY/data/cmadata/NAFP/ECMF/C1D/2023/202310/20231018/C1D10181200101903001.bz2
当前时间为：2023-10-19 04:22:47.094608
对/mnt/PRESKY/data/cmadata/NAFP/ECMF/C1D/2023/202310/20231018/C1D10181200101903001.bz2进行解压。
/mnt/PRESKY/user/metefont/product/prddata/NAFP-AI/TIANWU_STA/product_data/data/2023/202310/C1D_EC_2023101812_2023101903 has been processed.
对 {'/mnt/PRESKY/data/cmadata/NAFP/ECMF/C1D/2023/202310/20231018/C1D10181200101903001.bz2'} 进行插值
处理完成当前时间为：2023-10-19 04:24:42.184146
单个文件总耗时：115.089538 seconds
当前文件为第6个：/mnt/PRESKY/data/cmadata/NAFP/ECMF/C1D/2023/202310/20231018/C1D10181200101906001.bz2
当前时间为：2023-10-19 04:26:18.412851
对/mnt/PRESKY/data/cmadata/NAFP/ECMF/C1D/2023/202310/20231018/C1D10181200101906001.bz2进行解压。
/mnt/PRESKY/user/metefont/product/prddata/NAFP-AI/TIANWU_STA/product_data/data/2023/202310/C1D_EC_2023101812_2023101906 has been processed.
对 {'/mnt/PRESKY/data/cmadata/NAFP/ECMF/C1D/2023/202310/20231018/C1D10181200101906001.bz2'} 进行插值
处理完成当前时间为：2023-10-19 04:28:00.067364
单个文件总耗时：101.654513 seconds
当前文件为第7个：/mnt/PRESKY/data/cmadata/NAFP/ECMF/C1D/2023/202310/20231018/C1D10181200101909001.bz2
当前时间为：2023-10-19 04:29:33.373745
对/mnt/PRESKY/data/cmadata/NAFP/ECMF/C1D/2023/202310/20231018/C1D10181200101909001.bz2进行解压。
/mnt/PRESKY/user/metefont/product/prddata/NAFP-AI/TIANWU_STA/product_data/data/2023/202310/C1D_EC_2023101812_2023101909 has been processed.
对 {'/mnt/PRESKY/data/cmadata/NAFP/ECMF/C1D/2023/202310/20231018/C1D10181200101909001.bz2'} 进行插值
处理完成当前时间为：2023-10-19 04:31:10.183986
单个文件总耗时：96.810241 seconds
当前文件为第8个：/mnt/PRESKY/data/cmadata/NAFP/ECMF/C1D/2023/202310/20231018/C1D10181200101912001.bz2
当前时间为：2023-10-19 04:32:43.755758
对/mnt/PRESKY/data/cmadata/NAFP/ECMF/C1D/2023/202310/20231018/C1D10181200101912001.bz2进行解压。
/mnt/PRESKY/user/metefont/product/prddata/NAFP-AI/TIANWU_STA/product_data/data/2023/202310/C1D_EC_2023101812_2023101912 has been processed.
对 {'/mnt/PRESKY/data/cmadata/NAFP/ECMF/C1D/2023/202310/20231018/C1D10181200101912001.bz2'} 进行插值
处理完成当前时间为：2023-10-19 04:34:32.511516
单个文件总耗时：108.755758 seconds
当前文件为第9个：/mnt/PRESKY/data/cmadata/NAFP/ECMF/C1D/2023/202310/20231018/C1D10181200101915001.bz2
当前时间为：2023-10-19 04:36:09.626269
对/mnt/PRESKY/data/cmadata/NAFP/ECMF/C1D/2023/202310/20231018/C1D10181200101915001.bz2进行解压。
/mnt/PRESKY/user/metefont/product/prddata/NAFP-AI/TIANWU_STA/product_data/data/2023/202310/C1D_EC_2023101812_2023101915 has been processed.
对 {'/mnt/PRESKY/data/cmadata/NAFP/ECMF/C1D/2023/202310/20231018/C1D10181200101915001.bz2'} 进行插值
处理完成当前时间为：2023-10-19 04:37:43.802804
单个文件总耗时：94.176535 seconds
当前文件为第10个：/mnt/PRESKY/data/cmadata/NAFP/ECMF/C1D/2023/202310/20231018/C1D10181200101918001.bz2
当前时间为：2023-10-19 04:39:28.722471
对/mnt/PRESKY/data/cmadata/NAFP/ECMF/C1D/2023/202310/20231018/C1D10181200101918001.bz2进行解压。
/mnt/PRESKY/user/metefont/product/prddata/NAFP-AI/TIANWU_STA/product_data/data/2023/202310/C1D_EC_2023101812_2023101918 has been processed.
对 {'/mnt/PRESKY/data/cmadata/NAFP/ECMF/C1D/2023/202310/20231018/C1D10181200101918001.bz2'} 进行插值
处理完成当前时间为：2023-10-19 04:41:49.856299
单个文件总耗时：141.133828 seconds
当前文件为第11个：/mnt/PRESKY/data/cmadata/NAFP/ECMF/C1D/2023/202310/20231018/C1D10181200101921001.bz2
当前时间为：2023-10-19 04:43:26.721814
对/mnt/PRESKY/data/cmadata/NAFP/ECMF/C1D/2023/202310/20231018/C1D10181200101921001.bz2进行解压。
/mnt/PRESKY/user/metefont/product/prddata/NAFP-AI/TIANWU_STA/product_data/data/2023/202310/C1D_EC_2023101812_2023101921 has been processed.
对 {'/mnt/PRESKY/data/cmadata/NAFP/ECMF/C1D/2023/202310/20231018/C1D10181200101921001.bz2'} 进行插值
处理完成当前时间为：2023-10-19 04:45:05.560494
单个文件总耗时：98.83868 seconds
当前文件为第12个：/mnt/PRESKY/data/cmadata/NAFP/ECMF/C1D/2023/202310/20231018/C1D10181200102000001.bz2
当前时间为：2023-10-19 04:46:48.719302
对/mnt/PRESKY/data/cmadata/NAFP/ECMF/C1D/2023/202310/20231018/C1D10181200102000001.bz2进行解压。
/mnt/PRESKY/user/metefont/product/prddata/NAFP-AI/TIANWU_STA/product_data/data/2023/202310/C1D_EC_2023101812_2023102000 has been processed.
对 {'/mnt/PRESKY/data/cmadata/NAFP/ECMF/C1D/2023/202310/20231018/C1D10181200102000001.bz2'} 进行插值
处理完成当前时间为：2023-10-19 04:48:30.462255
单个文件总耗时：101.742953 seconds
当前文件为第13个：/mnt/PRESKY/data/cmadata/NAFP/ECMF/C1D/2023/202310/20231018/C1D10181200102003001.bz2
当前时间为：2023-10-19 04:50:06.740224
对/mnt/PRESKY/data/cmadata/NAFP/ECMF/C1D/2023/202310/20231018/C1D10181200102003001.bz2进行解压。
/mnt/PRESKY/user/metefont/product/prddata/NAFP-AI/TIANWU_STA/product_data/data/2023/202310/C1D_EC_2023101812_2023102003 has been processed.
对 {'/mnt/PRESKY/data/cmadata/NAFP/ECMF/C1D/2023/202310/20231018/C1D10181200102003001.bz2'} 进行插值
处理完成当前时间为：2023-10-19 04:51:43.280107
单个文件总耗时：96.539883 seconds
当前文件为第14个：/mnt/PRESKY/data/cmadata/NAFP/ECMF/C1D/2023/202310/20231018/C1D10181200102006001.bz2
当前时间为：2023-10-19 04:54:00.575345
对/mnt/PRESKY/data/cmadata/NAFP/ECMF/C1D/2023/202310/20231018/C1D10181200102006001.bz2进行解压。
/mnt/PRESKY/user/metefont/product/prddata/NAFP-AI/TIANWU_STA/product_data/data/2023/202310/C1D_EC_2023101812_2023102006 has been processed.
对 {'/mnt/PRESKY/data/cmadata/NAFP/ECMF/C1D/2023/202310/20231018/C1D10181200102006001.bz2'} 进行插值
处理完成当前时间为：2023-10-19 04:55:57.155151
单个文件总耗时：116.579806 seconds
当前文件为第15个：/mnt/PRESKY/data/cmadata/NAFP/ECMF/C1D/2023/202310/20231018/C1D10181200102009001.bz2
当前时间为：2023-10-19 04:57:58.281807
对/mnt/PRESKY/data/cmadata/NAFP/ECMF/C1D/2023/202310/20231018/C1D10181200102009001.bz2进行解压。
/mnt/PRESKY/user/metefont/product/prddata/NAFP-AI/TIANWU_STA/product_data/data/2023/202310/C1D_EC_2023101812_2023102009 has been processed.
对 {'/mnt/PRESKY/data/cmadata/NAFP/ECMF/C1D/2023/202310/20231018/C1D10181200102009001.bz2'} 进行插值
处理完成当前时间为：2023-10-19 04:59:33.705837
单个文件总耗时：95.42403 seconds
当前文件为第16个：/mnt/PRESKY/data/cmadata/NAFP/ECMF/C1D/2023/202310/20231018/C1D10181200102012001.bz2
当前时间为：2023-10-19 05:01:51.299361
对/mnt/PRESKY/data/cmadata/NAFP/ECMF/C1D/2023/202310/20231018/C1D10181200102012001.bz2进行解压。
/mnt/PRESKY/user/metefont/product/prddata/NAFP-AI/TIANWU_STA/product_data/data/2023/202310/C1D_EC_2023101812_2023102012 has been processed.
对 {'/mnt/PRESKY/data/cmadata/NAFP/ECMF/C1D/2023/202310/20231018/C1D10181200102012001.bz2'} 进行插值
处理完成当前时间为：2023-10-19 05:04:46.176267
单个文件总耗时：174.876906 seconds
当前文件为第17个：/mnt/PRESKY/data/cmadata/NAFP/ECMF/C1D/2023/202310/20231018/C1D10181200102015001.bz2
当前时间为：2023-10-19 05:06:48.285077
对/mnt/PRESKY/data/cmadata/NAFP/ECMF/C1D/2023/202310/20231018/C1D10181200102015001.bz2进行解压。
/mnt/PRESKY/user/metefont/product/prddata/NAFP-AI/TIANWU_STA/product_data/data/2023/202310/C1D_EC_2023101812_2023102015 has been processed.
对 {'/mnt/PRESKY/data/cmadata/NAFP/ECMF/C1D/2023/202310/20231018/C1D10181200102015001.bz2'} 进行插值
处理完成当前时间为：2023-10-19 05:09:01.269116
单个文件总耗时：132.984039 seconds
当前文件为第18个：/mnt/PRESKY/data/cmadata/NAFP/ECMF/C1D/2023/202310/20231018/C1D10181200102018001.bz2
当前时间为：2023-10-19 05:10:56.465365
对/mnt/PRESKY/data/cmadata/NAFP/ECMF/C1D/2023/202310/20231018/C1D10181200102018001.bz2进行解压。
/mnt/PRESKY/user/metefont/product/prddata/NAFP-AI/TIANWU_STA/product_data/data/2023/202310/C1D_EC_2023101812_2023102018 has been processed.
对 {'/mnt/PRESKY/data/cmadata/NAFP/ECMF/C1D/2023/202310/20231018/C1D10181200102018001.bz2'} 进行插值
处理完成当前时间为：2023-10-19 05:12:51.908784
单个文件总耗时：115.443419 seconds
当前文件为第19个：/mnt/PRESKY/data/cmadata/NAFP/ECMF/C1D/2023/202310/20231018/C1D10181200102021001.bz2
当前时间为：2023-10-19 05:14:55.119716
对/mnt/PRESKY/data/cmadata/NAFP/ECMF/C1D/2023/202310/20231018/C1D10181200102021001.bz2进行解压。
/mnt/PRESKY/user/metefont/product/prddata/NAFP-AI/TIANWU_STA/product_data/data/2023/202310/C1D_EC_2023101812_2023102021 has been processed.
对 {'/mnt/PRESKY/data/cmadata/NAFP/ECMF/C1D/2023/202310/20231018/C1D10181200102021001.bz2'} 进行插值
处理完成当前时间为：2023-10-19 05:17:25.017663
单个文件总耗时：149.897947 seconds
当前文件为第20个：/mnt/PRESKY/data/cmadata/NAFP/ECMF/C1D/2023/202310/20231018/C1D10181200102100001.bz2
当前时间为：2023-10-19 05:19:25.142766
对/mnt/PRESKY/data/cmadata/NAFP/ECMF/C1D/2023/202310/20231018/C1D10181200102100001.bz2进行解压。
/mnt/PRESKY/user/metefont/product/prddata/NAFP-AI/TIANWU_STA/product_data/data/2023/202310/C1D_EC_2023101812_2023102100 has been processed.
对 {'/mnt/PRESKY/data/cmadata/NAFP/ECMF/C1D/2023/202310/20231018/C1D10181200102100001.bz2'} 进行插值
处理完成当前时间为：2023-10-19 05:21:48.299174
单个文件总耗时：143.156408 seconds
当前文件为第21个：/mnt/PRESKY/data/cmadata/NAFP/ECMF/C1D/2023/202310/20231018/C1D10181200102103001.bz2
当前时间为：2023-10-19 05:24:10.955638
对/mnt/PRESKY/data/cmadata/NAFP/ECMF/C1D/2023/202310/20231018/C1D10181200102103001.bz2进行解压。
/mnt/PRESKY/user/metefont/product/prddata/NAFP-AI/TIANWU_STA/product_data/data/2023/202310/C1D_EC_2023101812_2023102103 has been processed.
对 {'/mnt/PRESKY/data/cmadata/NAFP/ECMF/C1D/2023/202310/20231018/C1D10181200102103001.bz2'} 进行插值
处理完成当前时间为：2023-10-19 05:25:50.952955
单个文件总耗时：99.997317 seconds
当前文件为第22个：/mnt/PRESKY/data/cmadata/NAFP/ECMF/C1D/2023/202310/20231018/C1D10181200102109001.bz2
当前时间为：2023-10-19 05:28:00.456691
对/mnt/PRESKY/data/cmadata/NAFP/ECMF/C1D/2023/202310/20231018/C1D10181200102109001.bz2进行解压。
/mnt/PRESKY/user/metefont/product/prddata/NAFP-AI/TIANWU_STA/product_data/data/2023/202310/C1D_EC_2023101812_2023102109 has been processed.
对 {'/mnt/PRESKY/data/cmadata/NAFP/ECMF/C1D/2023/202310/20231018/C1D10181200102109001.bz2'} 进行插值
处理完成当前时间为：2023-10-19 05:30:14.120583
单个文件总耗时：133.663892 seconds
当前文件为第23个：/mnt/PRESKY/data/cmadata/NAFP/ECMF/C1D/2023/202310/20231018/C1D10181200102115001.bz2
当前时间为：2023-10-19 05:32:18.644402
对/mnt/PRESKY/data/cmadata/NAFP/ECMF/C1D/2023/202310/20231018/C1D10181200102115001.bz2进行解压。
/mnt/PRESKY/user/metefont/product/prddata/NAFP-AI/TIANWU_STA/product_data/data/2023/202310/C1D_EC_2023101812_2023102115 has been processed.
<class 'FileNotFoundError'>
当前文件为第24个：/mnt/PRESKY/data/cmadata/NAFP/ECMF/C1D/2023/202310/20231018/C1D10181200102118001.bz2
当前时间为：2023-10-19 05:34:22.197627
对/mnt/PRESKY/data/cmadata/NAFP/ECMF/C1D/2023/202310/20231018/C1D10181200102118001.bz2进行解压。
/mnt/PRESKY/user/metefont/product/prddata/NAFP-AI/TIANWU_STA/product_data/data/2023/202310/C1D_EC_2023101812_2023102118 has been processed.
对 {'/mnt/PRESKY/data/cmadata/NAFP/ECMF/C1D/2023/202310/20231018/C1D10181200102118001.bz2'} 进行插值
处理完成当前时间为：2023-10-19 05:36:13.965736
单个文件总耗时：111.768109 seconds
当前文件为第25个：/mnt/PRESKY/data/cmadata/NAFP/ECMF/C1D/2023/202310/20231018/C1D10181200102121001.bz2
当前时间为：2023-10-19 05:38:00.046432
对/mnt/PRESKY/data/cmadata/NAFP/ECMF/C1D/2023/202310/20231018/C1D10181200102121001.bz2进行解压。
/mnt/PRESKY/user/metefont/product/prddata/NAFP-AI/TIANWU_STA/product_data/data/2023/202310/C1D_EC_2023101812_2023102121 has been processed.
<class 'FileNotFoundError'>
当前文件为第26个：/mnt/PRESKY/data/cmadata/NAFP/ECMF/C1D/2023/202310/20231018/C1D10181200102206001.bz2
当前时间为：2023-10-19 05:39:57.213608
对/mnt/PRESKY/data/cmadata/NAFP/ECMF/C1D/2023/202310/20231018/C1D10181200102206001.bz2进行解压。
/mnt/PRESKY/user/metefont/product/prddata/NAFP-AI/TIANWU_STA/product_data/data/2023/202310/C1D_EC_2023101812_2023102206 has been processed.
对 {'/mnt/PRESKY/data/cmadata/NAFP/ECMF/C1D/2023/202310/20231018/C1D10181200102206001.bz2'} 进行插值
处理完成当前时间为：2023-10-19 05:41:48.218255
单个文件总耗时：111.004647 seconds
当前文件为第27个：/mnt/PRESKY/data/cmadata/NAFP/ECMF/C1D/2023/202310/20231018/C1D10181200102209001.bz2
当前时间为：2023-10-19 05:43:35.078815
对/mnt/PRESKY/data/cmadata/NAFP/ECMF/C1D/2023/202310/20231018/C1D10181200102209001.bz2进行解压。
/mnt/PRESKY/user/metefont/product/prddata/NAFP-AI/TIANWU_STA/product_data/data/2023/202310/C1D_EC_2023101812_2023102209 has been processed.
<class 'FileNotFoundError'>
当前文件为第28个：/mnt/PRESKY/data/cmadata/NAFP/ECMF/C1D/2023/202310/20231018/C1D10181200102212001.bz2
当前时间为：2023-10-19 05:45:24.263933
对/mnt/PRESKY/data/cmadata/NAFP/ECMF/C1D/2023/202310/20231018/C1D10181200102212001.bz2进行解压。
/mnt/PRESKY/user/metefont/product/prddata/NAFP-AI/TIANWU_STA/product_data/data/2023/202310/C1D_EC_2023101812_2023102212 has been processed.
对 {'/mnt/PRESKY/data/cmadata/NAFP/ECMF/C1D/2023/202310/20231018/C1D10181200102212001.bz2'} 进行插值
处理完成当前时间为：2023-10-19 05:47:05.816326
单个文件总耗时：101.552393 seconds
当前文件为第29个：/mnt/PRESKY/data/cmadata/NAFP/ECMF/C1D/2023/202310/20231018/C1D10181200102215001.bz2
当前时间为：2023-10-19 05:48:56.719175
对/mnt/PRESKY/data/cmadata/NAFP/ECMF/C1D/2023/202310/20231018/C1D10181200102215001.bz2进行解压。
/mnt/PRESKY/user/metefont/product/prddata/NAFP-AI/TIANWU_STA/product_data/data/2023/202310/C1D_EC_2023101812_2023102215 has been processed.
<class 'FileNotFoundError'>
当前文件为第30个：/mnt/PRESKY/data/cmadata/NAFP/ECMF/C1D/2023/202310/20231018/C1D10181200102218001.bz2
当前时间为：2023-10-19 05:50:43.121043
对/mnt/PRESKY/data/cmadata/NAFP/ECMF/C1D/2023/202310/20231018/C1D10181200102218001.bz2进行解压。
/mnt/PRESKY/user/metefont/product/prddata/NAFP-AI/TIANWU_STA/product_data/data/2023/202310/C1D_EC_2023101812_2023102218 has been processed.
对 {'/mnt/PRESKY/data/cmadata/NAFP/ECMF/C1D/2023/202310/20231018/C1D10181200102218001.bz2'} 进行插值
处理完成当前时间为：2023-10-19 05:52:21.639875
单个文件总耗时：98.518832 seconds
当前文件为第31个：/mnt/PRESKY/data/cmadata/NAFP/ECMF/C1D/2023/202310/20231018/C1D10181200102221001.bz2
当前时间为：2023-10-19 05:54:10.608066
对/mnt/PRESKY/data/cmadata/NAFP/ECMF/C1D/2023/202310/20231018/C1D10181200102221001.bz2进行解压。
/mnt/PRESKY/user/metefont/product/prddata/NAFP-AI/TIANWU_STA/product_data/data/2023/202310/C1D_EC_2023101812_2023102221 has been processed.
<class 'FileNotFoundError'>
当前文件为第32个：/mnt/PRESKY/data/cmadata/NAFP/ECMF/C1D/2023/202310/20231018/C1D10181200102300001.bz2
当前时间为：2023-10-19 05:55:52.455129
对/mnt/PRESKY/data/cmadata/NAFP/ECMF/C1D/2023/202310/20231018/C1D10181200102300001.bz2进行解压。
/mnt/PRESKY/user/metefont/product/prddata/NAFP-AI/TIANWU_STA/product_data/data/2023/202310/C1D_EC_2023101812_2023102300 has been processed.
对 {'/mnt/PRESKY/data/cmadata/NAFP/ECMF/C1D/2023/202310/20231018/C1D10181200102300001.bz2'} 进行插值
处理完成当前时间为：2023-10-19 05:57:34.355469
单个文件总耗时：101.90034 seconds
当前文件为第33个：/mnt/PRESKY/data/cmadata/NAFP/ECMF/C1D/2023/202310/20231018/C1D10181200102303001.bz2
当前时间为：2023-10-19 05:59:31.298632
对/mnt/PRESKY/data/cmadata/NAFP/ECMF/C1D/2023/202310/20231018/C1D10181200102303001.bz2进行解压。
/mnt/PRESKY/user/metefont/product/prddata/NAFP-AI/TIANWU_STA/product_data/data/2023/202310/C1D_EC_2023101812_2023102303 has been processed.
<class 'FileNotFoundError'>
当前文件为第34个：/mnt/PRESKY/data/cmadata/NAFP/ECMF/C1D/2023/202310/20231018/C1D10181200102306001.bz2
当前时间为：2023-10-19 06:01:41.725885
对/mnt/PRESKY/data/cmadata/NAFP/ECMF/C1D/2023/202310/20231018/C1D10181200102306001.bz2进行解压。
/mnt/PRESKY/user/metefont/product/prddata/NAFP-AI/TIANWU_STA/product_data/data/2023/202310/C1D_EC_2023101812_2023102306 has been processed.
对 {'/mnt/PRESKY/data/cmadata/NAFP/ECMF/C1D/2023/202310/20231018/C1D10181200102306001.bz2'} 进行插值
处理完成当前时间为：2023-10-19 06:04:06.071926
单个文件总耗时：144.346041 seconds
当前文件为第35个：/mnt/PRESKY/data/cmadata/NAFP/ECMF/C1D/2023/202310/20231018/C1D10181200102309001.bz2
当前时间为：2023-10-19 06:07:26.814262
对/mnt/PRESKY/data/cmadata/NAFP/ECMF/C1D/2023/202310/20231018/C1D10181200102309001.bz2进行解压。
/mnt/PRESKY/user/metefont/product/prddata/NAFP-AI/TIANWU_STA/product_data/data/2023/202310/C1D_EC_2023101812_2023102309 has been processed.
<class 'FileNotFoundError'>
当前文件为第36个：/mnt/PRESKY/data/cmadata/NAFP/ECMF/C1D/2023/202310/20231018/C1D10181200102312001.bz2
当前时间为：2023-10-19 06:10:01.278339
对/mnt/PRESKY/data/cmadata/NAFP/ECMF/C1D/2023/202310/20231018/C1D10181200102312001.bz2进行解压。
/mnt/PRESKY/user/metefont/product/prddata/NAFP-AI/TIANWU_STA/product_data/data/2023/202310/C1D_EC_2023101812_2023102312 has been processed.
对 {'/mnt/PRESKY/data/cmadata/NAFP/ECMF/C1D/2023/202310/20231018/C1D10181200102312001.bz2'} 进行插值
处理完成当前时间为：2023-10-19 06:12:22.320363
单个文件总耗时：141.042024 seconds
当前文件为第37个：/mnt/PRESKY/data/cmadata/NAFP/ECMF/C1D/2023/202310/20231018/C1D10181200102315001.bz2
当前时间为：2023-10-19 06:14:05.539647
对/mnt/PRESKY/data/cmadata/NAFP/ECMF/C1D/2023/202310/20231018/C1D10181200102315001.bz2进行解压。
/mnt/PRESKY/user/metefont/product/prddata/NAFP-AI/TIANWU_STA/product_data/data/2023/202310/C1D_EC_2023101812_2023102315 has been processed.
<class 'FileNotFoundError'>
当前文件为第38个：/mnt/PRESKY/data/cmadata/NAFP/ECMF/C1D/2023/202310/20231018/C1D10181200102318001.bz2
当前时间为：2023-10-19 06:15:46.412838
对/mnt/PRESKY/data/cmadata/NAFP/ECMF/C1D/2023/202310/20231018/C1D10181200102318001.bz2进行解压。
/mnt/PRESKY/user/metefont/product/prddata/NAFP-AI/TIANWU_STA/product_data/data/2023/202310/C1D_EC_2023101812_2023102318 has been processed.
对 {'/mnt/PRESKY/data/cmadata/NAFP/ECMF/C1D/2023/202310/20231018/C1D10181200102318001.bz2'} 进行插值
处理完成当前时间为：2023-10-19 06:17:48.367856
单个文件总耗时：121.955018 seconds
当前文件为第39个：/mnt/PRESKY/data/cmadata/NAFP/ECMF/C1D/2023/202310/20231018/C1D10181200102321001.bz2
当前时间为：2023-10-19 06:19:39.349905
对/mnt/PRESKY/data/cmadata/NAFP/ECMF/C1D/2023/202310/20231018/C1D10181200102321001.bz2进行解压。
/mnt/PRESKY/user/metefont/product/prddata/NAFP-AI/TIANWU_STA/product_data/data/2023/202310/C1D_EC_2023101812_2023102321 has been processed.
<class 'FileNotFoundError'>
当前文件为第40个：/mnt/PRESKY/data/cmadata/NAFP/ECMF/C1D/2023/202310/20231018/C1D10181200102400001.bz2
当前时间为：2023-10-19 06:21:35.013008
对/mnt/PRESKY/data/cmadata/NAFP/ECMF/C1D/2023/202310/20231018/C1D10181200102400001.bz2进行解压。
/mnt/PRESKY/user/metefont/product/prddata/NAFP-AI/TIANWU_STA/product_data/data/2023/202310/C1D_EC_2023101812_2023102400 has been processed.
对 {'/mnt/PRESKY/data/cmadata/NAFP/ECMF/C1D/2023/202310/20231018/C1D10181200102400001.bz2'} 进行插值
处理完成当前时间为：2023-10-19 06:23:48.133451
单个文件总耗时：133.120443 seconds
当前文件为第41个：/mnt/PRESKY/data/cmadata/NAFP/ECMF/C1D/2023/202310/20231018/C1D10181200102406001.bz2
当前时间为：2023-10-19 06:25:30.450797
对/mnt/PRESKY/data/cmadata/NAFP/ECMF/C1D/2023/202310/20231018/C1D10181200102406001.bz2进行解压。
Compressed file ended before the end-of-stream marker was reached
/mnt/PRESKY/user/metefont/product/prddata/NAFP-AI/TIANWU_STA/product_data/data/2023/202310/C1D_EC_2023101812_2023102406 has been processed.
<class 'FileNotFoundError'>
当前文件为第42个：/mnt/PRESKY/data/cmadata/NAFP/ECMF/C1D/2023/202310/20231018/C1D10181200102409001.bz2
当前时间为：2023-10-19 06:27:18.028030
对/mnt/PRESKY/data/cmadata/NAFP/ECMF/C1D/2023/202310/20231018/C1D10181200102409001.bz2进行解压。
/mnt/PRESKY/user/metefont/product/prddata/NAFP-AI/TIANWU_STA/product_data/data/2023/202310/C1D_EC_2023101812_2023102409 has been processed.
<class 'FileNotFoundError'>
当前文件为第43个：/mnt/PRESKY/data/cmadata/NAFP/ECMF/C1D/2023/202310/20231018/C1D10181200102412001.bz2
当前时间为：2023-10-19 06:28:58.570644
对/mnt/PRESKY/data/cmadata/NAFP/ECMF/C1D/2023/202310/20231018/C1D10181200102412001.bz2进行解压。
/mnt/PRESKY/user/metefont/product/prddata/NAFP-AI/TIANWU_STA/product_data/data/2023/202310/C1D_EC_2023101812_2023102412 has been processed.
对 {'/mnt/PRESKY/data/cmadata/NAFP/ECMF/C1D/2023/202310/20231018/C1D10181200102412001.bz2'} 进行插值
处理完成当前时间为：2023-10-19 06:30:38.759191
单个文件总耗时：100.188547 seconds
/mnt/PRESKY/data/cmadata/NAFP/ECMF/C1D/2023/202310/20231018/C1D101812*.bz2
